[debug] [2024-10-19T13:58:51.388Z] ----------------------------------------------------------------------
[debug] [2024-10-19T13:58:51.390Z] Command:       C:\Program Files\nodejs\node.exe C:\Users\USER\AppData\Roaming\npm\node_modules\firebase-tools\lib\bin\firebase.js init
[debug] [2024-10-19T13:58:51.390Z] CLI Version:   13.22.1
[debug] [2024-10-19T13:58:51.390Z] Platform:      win32
[debug] [2024-10-19T13:58:51.390Z] Node Version:  v20.15.0
[debug] [2024-10-19T13:58:51.390Z] Time:          Sat Oct 19 2024 19:58:51 GMT+0600 (Bangladesh Standard Time)
[debug] [2024-10-19T13:58:51.390Z] ----------------------------------------------------------------------
[debug] 
[debug] [2024-10-19T13:58:51.392Z] >>> [apiv2][query] GET https://firebase-public.firebaseio.com/cli.json [none]
[debug] [2024-10-19T13:58:51.425Z] > command requires scopes: ["email","openid","https://www.googleapis.com/auth/cloudplatformprojects.readonly","https://www.googleapis.com/auth/firebase","https://www.googleapis.com/auth/cloud-platform"]
[debug] [2024-10-19T13:58:51.425Z] > authorizing via signed-in user (tamimhasancu@gmail.com)
[info] 
     ######## #### ########  ######## ########     ###     ######  ########
     ##        ##  ##     ## ##       ##     ##  ##   ##  ##       ##
     ######    ##  ########  ######   ########  #########  ######  ######
     ##        ##  ##    ##  ##       ##     ## ##     ##       ## ##
     ##       #### ##     ## ######## ########  ##     ##  ######  ########

You're about to initialize a Firebase project in this directory:

  D:\journey to software engineering\chat-with-pdf

[debug] [2024-10-19T13:58:52.123Z] <<< [apiv2][status] GET https://firebase-public.firebaseio.com/cli.json 200
[debug] [2024-10-19T13:58:52.123Z] <<< [apiv2][body] GET https://firebase-public.firebaseio.com/cli.json {"cloudBuildErrorAfter":1594252800000,"cloudBuildWarnAfter":1590019200000,"defaultNode10After":1594252800000,"minVersion":"3.0.5","node8DeploysDisabledAfter":1613390400000,"node8RuntimeDisabledAfter":1615809600000,"node8WarnAfter":1600128000000}
